wandb: Currently logged in as: wangyiwen. Use `wandb login --relogin` to force relogin
wandb: wandb version 0.13.4 is available!  To upgrade, please run:
wandb:  $ pip install wandb --upgrade
wandb: Tracking run with wandb version 0.13.2
wandb: Run data is saved locally in /root/Project/grid/ippo_qmix/wandb/run-20221010_154938-1r1bsz5i
wandb: Run `wandb offline` to turn off syncing.
wandb: Syncing run ippo192
wandb: ⭐️ View project at https://wandb.ai/wangyiwen/grid
wandb: 🚀 View run at https://wandb.ai/wangyiwen/grid/runs/1r1bsz5i
/root/Project/grid/ippo_qmix/common/reply_buffer.py:237: UserWarning: Creating a tensor from a list of numpy.ndarrays is extremely slow. Please consider converting the list to a single numpy.ndarray with numpy.array() before converting to a tensor. (Triggered internally at  ../torch/csrc/utils/tensor_new.cpp:201.)
  actions = torch.Tensor(self.unit_actions)
/root/anaconda3/envs/grid/lib/python3.8/site-packages/torch/nn/modules/loss.py:520: UserWarning: Using a target size (torch.Size([1152])) that is different to the input size (torch.Size([192, 1152])). This will likely lead to incorrect results due to broadcasting. Please ensure they have the same size.
  return F.mse_loss(input, target, reduction=self.reduction)
/root/anaconda3/envs/grid/lib/python3.8/site-packages/torch/nn/modules/loss.py:520: UserWarning: Using a target size (torch.Size([1152])) that is different to the input size (torch.Size([192, 1152])). This will likely lead to incorrect results due to broadcasting. Please ensure they have the same size.
  return F.mse_loss(input, target, reduction=self.reduction)
/root/anaconda3/envs/grid/lib/python3.8/site-packages/torch/nn/modules/loss.py:520: UserWarning: Using a target size (torch.Size([1152])) that is different to the input size (torch.Size([192, 1152])). This will likely lead to incorrect results due to broadcasting. Please ensure they have the same size.
  return F.mse_loss(input, target, reduction=self.reduction)
/root/anaconda3/envs/grid/lib/python3.8/site-packages/torch/nn/modules/loss.py:520: UserWarning: Using a target size (torch.Size([1152])) that is different to the input size (torch.Size([192, 1152])). This will likely lead to incorrect results due to broadcasting. Please ensure they have the same size.
  return F.mse_loss(input, target, reduction=self.reduction)
/root/anaconda3/envs/grid/lib/python3.8/site-packages/torch/nn/modules/loss.py:520: UserWarning: Using a target size (torch.Size([1152])) that is different to the input size (torch.Size([192, 1152])). This will likely lead to incorrect results due to broadcasting. Please ensure they have the same size.
  return F.mse_loss(input, target, reduction=self.reduction)
/root/anaconda3/envs/grid/lib/python3.8/site-packages/torch/nn/modules/loss.py:520: UserWarning: Using a target size (torch.Size([1152])) that is different to the input size (torch.Size([192, 1152])). This will likely lead to incorrect results due to broadcasting. Please ensure they have the same size.
  return F.mse_loss(input, target, reduction=self.reduction)
/root/anaconda3/envs/grid/lib/python3.8/site-packages/torch/nn/modules/loss.py:520: UserWarning: Using a target size (torch.Size([1152])) that is different to the input size (torch.Size([192, 1152])). This will likely lead to incorrect results due to broadcasting. Please ensure they have the same size.
  return F.mse_loss(input, target, reduction=self.reduction)
/root/anaconda3/envs/grid/lib/python3.8/site-packages/torch/nn/modules/loss.py:520: UserWarning: Using a target size (torch.Size([1152])) that is different to the input size (torch.Size([192, 1152])). This will likely lead to incorrect results due to broadcasting. Please ensure they have the same size.
  return F.mse_loss(input, target, reduction=self.reduction)
/root/anaconda3/envs/grid/lib/python3.8/site-packages/torch/nn/modules/loss.py:520: UserWarning: Using a target size (torch.Size([1152])) that is different to the input size (torch.Size([192, 1152])). This will likely lead to incorrect results due to broadcasting. Please ensure they have the same size.
  return F.mse_loss(input, target, reduction=self.reduction)
/root/anaconda3/envs/grid/lib/python3.8/site-packages/torch/nn/modules/loss.py:520: UserWarning: Using a target size (torch.Size([1152])) that is different to the input size (torch.Size([192, 1152])). This will likely lead to incorrect results due to broadcasting. Please ensure they have the same size.
  return F.mse_loss(input, target, reduction=self.reduction)
/root/anaconda3/envs/grid/lib/python3.8/site-packages/torch/nn/modules/loss.py:520: UserWarning: Using a target size (torch.Size([1152])) that is different to the input size (torch.Size([192, 1152])). This will likely lead to incorrect results due to broadcasting. Please ensure they have the same size.
  return F.mse_loss(input, target, reduction=self.reduction)
/root/anaconda3/envs/grid/lib/python3.8/site-packages/torch/nn/modules/loss.py:520: UserWarning: Using a target size (torch.Size([1152])) that is different to the input size (torch.Size([192, 1152])). This will likely lead to incorrect results due to broadcasting. Please ensure they have the same size.
  return F.mse_loss(input, target, reduction=self.reduction)
/root/anaconda3/envs/grid/lib/python3.8/site-packages/torch/nn/modules/loss.py:520: UserWarning: Using a target size (torch.Size([1152])) that is different to the input size (torch.Size([192, 1152])). This will likely lead to incorrect results due to broadcasting. Please ensure they have the same size.
  return F.mse_loss(input, target, reduction=self.reduction)
/root/anaconda3/envs/grid/lib/python3.8/site-packages/torch/nn/modules/loss.py:520: UserWarning: Using a target size (torch.Size([1152])) that is different to the input size (torch.Size([192, 1152])). This will likely lead to incorrect results due to broadcasting. Please ensure they have the same size.
  return F.mse_loss(input, target, reduction=self.reduction)
/root/anaconda3/envs/grid/lib/python3.8/site-packages/torch/nn/modules/loss.py:520: UserWarning: Using a target size (torch.Size([1152])) that is different to the input size (torch.Size([192, 1152])). This will likely lead to incorrect results due to broadcasting. Please ensure they have the same size.
  return F.mse_loss(input, target, reduction=self.reduction)
/root/anaconda3/envs/grid/lib/python3.8/site-packages/torch/nn/modules/loss.py:520: UserWarning: Using a target size (torch.Size([1152])) that is different to the input size (torch.Size([192, 1152])). This will likely lead to incorrect results due to broadcasting. Please ensure they have the same size.
  return F.mse_loss(input, target, reduction=self.reduction)
/root/anaconda3/envs/grid/lib/python3.8/site-packages/torch/nn/modules/loss.py:520: UserWarning: Using a target size (torch.Size([1152])) that is different to the input size (torch.Size([192, 1152])). This will likely lead to incorrect results due to broadcasting. Please ensure they have the same size.
  return F.mse_loss(input, target, reduction=self.reduction)
/root/anaconda3/envs/grid/lib/python3.8/site-packages/torch/nn/modules/loss.py:520: UserWarning: Using a target size (torch.Size([1152])) that is different to the input size (torch.Size([192, 1152])). This will likely lead to incorrect results due to broadcasting. Please ensure they have the same size.
  return F.mse_loss(input, target, reduction=self.reduction)
/root/anaconda3/envs/grid/lib/python3.8/site-packages/torch/nn/modules/loss.py:520: UserWarning: Using a target size (torch.Size([1152])) that is different to the input size (torch.Size([192, 1152])). This will likely lead to incorrect results due to broadcasting. Please ensure they have the same size.
  return F.mse_loss(input, target, reduction=self.reduction)
/root/anaconda3/envs/grid/lib/python3.8/site-packages/torch/nn/modules/loss.py:520: UserWarning: Using a target size (torch.Size([1152])) that is different to the input size (torch.Size([192, 1152])). This will likely lead to incorrect results due to broadcasting. Please ensure they have the same size.
  return F.mse_loss(input, target, reduction=self.reduction)
/root/anaconda3/envs/grid/lib/python3.8/site-packages/torch/nn/modules/loss.py:520: UserWarning: Using a target size (torch.Size([1152])) that is different to the input size (torch.Size([192, 1152])). This will likely lead to incorrect results due to broadcasting. Please ensure they have the same size.
  return F.mse_loss(input, target, reduction=self.reduction)
